#
# A fatal error has been detected by the Java Runtime Environment:
#
#  SIGSEGV (0xb) at pc=0x00007fa42bb44c88, pid=19997, tid=0x00007fa428c39700
#
# JRE version: Java(TM) SE Runtime Environment (8.0_191-b12) (build 1.8.0_191-b12)
# Java VM: Java HotSpot(TM) 64-Bit Server VM (25.191-b12 mixed mode linux-amd64 compressed oops)
# Problematic frame:
# C  [libc.so.6+0x14dc88]
#
# Failed to write core dump. Core dumps have been disabled. To enable core dumping, try "ulimit -c unlimited" before starting Java again
#
# If you would like to submit a bug report, please visit:
#   http://bugreport.java.com/bugreport/crash.jsp
#

---------------  T H R E A D  ---------------

Current thread (0x00007fa424020000):  GCTaskThread [stack: 0x00007fa428b39000,0x00007fa428c3a000] [id=20024]

siginfo: si_signo: 11 (SIGSEGV), si_code: 2 (SEGV_ACCERR), si_addr: 0x00000000ef985608

Registers:
RAX=0x0000000085044a30, RBX=0x00000000db183010, RCX=0x00000000ef985688, RDX=0x0000000014802678
RSP=0x00007fa428c38c28, RBP=0x00007fa428c38cc0, RSI=0x00000000db183010, RDI=0x0000000085044a30
R8 =0x0000000000000021, R9 =0x00007fa42401c978, R10=0x0000000000000001, R11=0x00007fa428f9a000
R12=0x00007fa424075c00, R13=0x0000000085044a30, R14=0x0000000000000001, R15=0x00000000029004cf
RIP=0x00007fa42bb44c88, EFLAGS=0x0000000000010206, CSGSFS=0x002b000000000033, ERR=0x0000000000000004
  TRAPNO=0x000000000000000e

Top of Stack: (sp=0x00007fa428c38c28)
0x00007fa428c38c28:   00007fa42b395fd7 00007fa428c38cc0
0x00007fa428c38c38:   00007fa42b394f91 0000000000000000
0x00007fa428c38c48:   0000000000000018 00007fa4029004cf
0x00007fa428c38c58:   0000000000000021 00000000dac54010
0x00007fa428c38c68:   0000000000001000 00007fa42c1e84ff
0x00007fa428c38c78:   00007fa415000000 00007fa41510c148
0x00007fa428c38c88:   00007fa41510bf40 00007fa41510c148
0x00007fa428c38c98:   00007fa424075c00 00000000dac59f98
0x00007fa428c38ca8:   0000000000000000 00007fa424075c68
0x00007fa428c38cb8:   00007fa42b9a6d70 00007fa428c38d10
0x00007fa428c38cc8:   00007fa42b395b98 00007fa428c38d10
0x00007fa428c38cd8:   00007fa42b05af3e 00007fa424021128
0x00007fa428c38ce8:   0000000084a04000 00007fa424018830
0x00007fa428c38cf8:   0000000000000240 00007fa428ecc081
0x00007fa428c38d08:   00007fa428ecc020 00007fa428c38dd0
0x00007fa428c38d18:   00007fa42ade3d6e 00007fa428c38d70
0x00007fa428c38d28:   00007fa428ecc080 00007fa428ecc000
0x00007fa428c38d38:   0000000000000000 00007fa428ecc000
0x00007fa428c38d48:   00007fa424075c00 0000000084a04000
0x00007fa428c38d58:   0000000085044a30 0000000084a10068
0x00007fa428c38d68:   00007fa428ecc000 0000000000000200
0x00007fa428c38d78:   00007fa428ecc000 00007fa428ecf226
0x00007fa428c38d88:   00007fa428ecc000 00007fa428ecc020
0x00007fa428c38d98:   00007fa424018570 0000000000000000
0x00007fa428c38da8:   00007fa424027a00 00007fa424075c00
0x00007fa428c38db8:   00007fa424020000 0000000000000000
0x00007fa428c38dc8:   00007fa42b9cb148 00007fa428c38e00
0x00007fa428c38dd8:   00007fa42b399c79 0000000000000004
0x00007fa428c38de8:   00007fa42b399c41 0000000000000001
0x00007fa428c38df8:   00007fa424027a00 00007fa428c38f10
0x00007fa428c38e08:   00007fa42afd3f36 00000000000003d8
0x00007fa428c38e18:   00007fa424020540 00007fa424020968 

Instructions: (pc=0x00007fa42bb44c88)
0x00007fa42bb44c68:   c1 e1 03 48 39 ca 73 10 48 89 d1 48 89 d1 f3 a4
0x00007fa42bb44c78:   c3 0f 1f 80 00 00 00 00 48 8d 0c 16 c5 fe 6f 26
0x00007fa42bb44c88:   c5 fa 6f 6c 16 80 c5 fa 6f 71 90 c5 fa 6f 79 a0
0x00007fa42bb44c98:   c5 7a 6f 41 b0 c5 7a 6f 49 c0 c5 7a 6f 51 d0 c5 

Register to memory mapping:

RAX=
[error occurred during error reporting (printing register info), id 0xb]

Stack: [0x00007fa428b39000,0x00007fa428c3a000],  sp=0x00007fa428c38c28,  free space=1023k
Native frames: (J=compiled Java code, j=interpreted, Vv=VM code, C=native code)
C  [libc.so.6+0x14dc88]
V  [libjvm.so+0x982b98]  PSPromotionManager::drain_stacks_depth(bool)+0x768
V  [libjvm.so+0x3d0d6e]  CardTableExtension::scavenge_contents_parallel(ObjectStartArray*, MutableSpace*, HeapWord*, PSPromotionManager*, unsigned int, unsigned int)+0x88e
V  [libjvm.so+0x986c79]  OldToYoungRootsTask::do_it(GCTaskManager*, unsigned int)+0x49
V  [libjvm.so+0x5c0f36]  GCTaskThread::run()+0x1b6
V  [libjvm.so+0x909c92]  java_start(Thread*)+0x102


---------------  P R O C E S S  ---------------

Java Threads: ( => current thread )
  0x00007fa4240c9000 JavaThread "Service Thread" daemon [_thread_blocked, id=20035, stack(0x00007fa3ff01b000,0x00007fa3ff11c000)]
  0x00007fa4240be000 JavaThread "C1 CompilerThread2" daemon [_thread_blocked, id=20034, stack(0x00007fa3ff11c000,0x00007fa3ff21d000)]
  0x00007fa4240bc000 JavaThread "C2 CompilerThread1" daemon [_thread_blocked, id=20033, stack(0x00007fa3ff21d000,0x00007fa3ff31e000)]
  0x00007fa4240b9800 JavaThread "C2 CompilerThread0" daemon [_thread_blocked, id=20032, stack(0x00007fa3ff31e000,0x00007fa3ff41f000)]
  0x00007fa4240b8000 JavaThread "Signal Dispatcher" daemon [_thread_blocked, id=20031, stack(0x00007fa3ff41f000,0x00007fa3ff520000)]
  0x00007fa424085000 JavaThread "Finalizer" daemon [_thread_blocked, id=20030, stack(0x00007fa3ff7f8000,0x00007fa3ff8f9000)]
  0x00007fa424082800 JavaThread "Reference Handler" daemon [_thread_blocked, id=20029, stack(0x00007fa3ff8f9000,0x00007fa3ff9fa000)]
  0x00007fa42400a800 JavaThread "main" [_thread_blocked, id=20023, stack(0x00007fa42c502000,0x00007fa42c603000)]

Other Threads:
  0x00007fa424078800 VMThread [stack: 0x00007fa3ff9fa000,0x00007fa3ffafb000] [id=20028]
  0x00007fa4240ce000 WatcherThread [stack: 0x00007fa3fef1a000,0x00007fa3ff01b000] [id=20036]

=>0x00007fa424020000 (exited) GCTaskThread [stack: 0x00007fa428b39000,0x00007fa428c3a000] [id=20024]

VM state:at safepoint (normal execution)

VM Mutex/Monitor currently owned by a thread:  ([mutex/lock_event])
[0x00007fa424006fe0] Threads_lock - owner thread: 0x00007fa424078800
[0x00007fa4240074e0] Heap_lock - owner thread: 0x00007fa42400a800

Heap:
 PSYoungGen      total 68608K, used 68592K [0x00000000d6e00000, 0x00000000db600000, 0x0000000100000000)
  eden space 63488K, 100% used [0x00000000d6e00000,0x00000000dac00000,0x00000000dac00000)
  from space 5120K, 99% used [0x00000000db100000,0x00000000db5fc010,0x00000000db600000)
  to   space 5120K, 99% used [0x00000000dac00000,0x00000000db0fc030,0x00000000db100000)
 ParOldGen       total 421376K, used 345352K [0x0000000084a00000, 0x000000009e580000, 0x00000000d6e00000)
  object space 421376K, 81% used [0x0000000084a00000,0x0000000099b420d8,0x000000009e580000)
 Metaspace       used 16637K, capacity 16900K, committed 17280K, reserved 1064960K
  class space    used 1980K, capacity 2074K, committed 2176K, reserved 1048576K

Card table byte_map: [0x00007fa428ecc000,0x00007fa4292a8000] byte_map_base: 0x00007fa428aa7000

Marking Bits: (ParMarkBitMap*) 0x00007fa42b9d9d40
 Begin Bits: [0x00007fa40c250000, 0x00007fa40e128000)
 End Bits:   [0x00007fa40e128000, 0x00007fa410000000)

Polling page: 0x00007fa42c61e000

CodeCache: size=245760Kb used=8714Kb max_used=8720Kb free=237045Kb
 bounds [0x00007fa415000000, 0x00007fa415890000, 0x00007fa424000000]
 total_blobs=3015 nmethods=2678 adapters=250
 compilation: enabled

Compilation events (10 events):
Event: 3.298 Thread 0x00007fa4240be000 nmethod 2708 0x00007fa415889e90 code [0x00007fa41588a020, 0x00007fa41588a2f8]
Event: 3.298 Thread 0x00007fa4240bc000 2383       4       org.codehaus.plexus.util.xml.pull.MXParser::getText (125 bytes)
Event: 3.298 Thread 0x00007fa4240be000 2709       2       org.apache.maven.model.building.DefaultModelBuildingResult::addModelId (24 bytes)
Event: 3.298 Thread 0x00007fa4240be000 nmethod 2709 0x00007fa415889890 code [0x00007fa415889a20, 0x00007fa415889d08]
Event: 3.298 Thread 0x00007fa4240be000 2711       1       org.eclipse.aether.util.version.GenericVersionConstraint::getRange (5 bytes)
Event: 3.298 Thread 0x00007fa4240be000 nmethod 2711 0x00007fa41587ff50 code [0x00007fa4158800a0, 0x00007fa4158801b0]
Event: 3.298 Thread 0x00007fa4240be000 2712       2       org.apache.maven.model.Contributor::setEmail (6 bytes)
Event: 3.299 Thread 0x00007fa4240be000 nmethod 2712 0x00007fa415889550 code [0x00007fa4158896a0, 0x00007fa415889810]
Event: 3.300 Thread 0x00007fa4240be000 2713   !   2       sun.nio.cs.StreamDecoder::inReady (36 bytes)
Event: 3.300 Thread 0x00007fa4240be000 nmethod 2713 0x00007fa415889110 code [0x00007fa415889280, 0x00007fa4158894a8]

GC Heap History (9 events):
Event: 0.699 GC heap before
{Heap before GC invocations=1 (full 0):
 PSYoungGen      total 36864K, used 31744K [0x00000000d6e00000, 0x00000000d9700000, 0x0000000100000000)
  eden space 31744K, 100% used [0x00000000d6e00000,0x00000000d8d00000,0x00000000d8d00000)
  from space 5120K, 0% used [0x00000000d9200000,0x00000000d9200000,0x00000000d9700000)
  to   space 5120K, 0% used [0x00000000d8d00000,0x00000000d8d00000,0x00000000d9200000)
 ParOldGen       total 84992K, used 0K [0x0000000084a00000, 0x0000000089d00000, 0x00000000d6e00000)
  object space 84992K, 0% used [0x0000000084a00000,0x0000000084a00000,0x0000000089d00000)
 Metaspace       used 8052K, capacity 8216K, committed 8320K, reserved 1056768K
  class space    used 1004K, capacity 1080K, committed 1152K, reserved 1048576K
Event: 0.706 GC heap after
Heap after GC invocations=1 (full 0):
 PSYoungGen      total 36864K, used 4875K [0x00000000d6e00000, 0x00000000d9700000, 0x0000000100000000)
  eden space 31744K, 0% used [0x00000000d6e00000,0x00000000d6e00000,0x00000000d8d00000)
  from space 5120K, 95% used [0x00000000d8d00000,0x00000000d91c2e60,0x00000000d9200000)
  to   space 5120K, 0% used [0x00000000d9200000,0x00000000d9200000,0x00000000d9700000)
 ParOldGen       total 84992K, used 8K [0x0000000084a00000, 0x0000000089d00000, 0x00000000d6e00000)
  object space 84992K, 0% used [0x0000000084a00000,0x0000000084a02000,0x0000000089d00000)
 Metaspace       used 8052K, capacity 8216K, committed 8320K, reserved 1056768K
  class space    used 1004K, capacity 1080K, committed 1152K, reserved 1048576K
}
Event: 1.139 GC heap before
{Heap before GC invocations=2 (full 0):
 PSYoungGen      total 36864K, used 36619K [0x00000000d6e00000, 0x00000000d9700000, 0x0000000100000000)
  eden space 31744K, 100% used [0x00000000d6e00000,0x00000000d8d00000,0x00000000d8d00000)
  from space 5120K, 95% used [0x00000000d8d00000,0x00000000d91c2e60,0x00000000d9200000)
  to   space 5120K, 0% used [0x00000000d9200000,0x00000000d9200000,0x00000000d9700000)
 ParOldGen       total 84992K, used 8K [0x0000000084a00000, 0x0000000089d00000, 0x00000000d6e00000)
  object space 84992K, 0% used [0x0000000084a00000,0x0000000084a02000,0x0000000089d00000)
 Metaspace       used 12051K, capacity 12228K, committed 12416K, reserved 1060864K
  class space    used 1517K, capacity 1604K, committed 1664K, reserved 1048576K
Event: 1.149 GC heap after
Heap after GC invocations=2 (full 0):
 PSYoungGen      total 36864K, used 5102K [0x00000000d6e00000, 0x00000000db600000, 0x0000000100000000)
  eden space 31744K, 0% used [0x00000000d6e00000,0x00000000d6e00000,0x00000000d8d00000)
  from space 5120K, 99% used [0x00000000d9200000,0x00000000d96fb848,0x00000000d9700000)
  to   space 5120K, 0% used [0x00000000d8d00000,0x00000000d8d00000,0x00000000d9200000)
 ParOldGen       total 84992K, used 2091K [0x0000000084a00000, 0x0000000089d00000, 0x00000000d6e00000)
  object space 84992K, 2% used [0x0000000084a00000,0x0000000084c0af10,0x0000000089d00000)
 Metaspace       used 12051K, capacity 12228K, committed 12416K, reserved 1060864K
  class space    used 1517K, capacity 1604K, committed 1664K, reserved 1048576K
}
Event: 1.932 GC heap before
{Heap before GC invocations=3 (full 0):
 PSYoungGen      total 36864K, used 36846K [0x00000000d6e00000, 0x00000000db600000, 0x0000000100000000)
  eden space 31744K, 100% used [0x00000000d6e00000,0x00000000d8d00000,0x00000000d8d00000)
  from space 5120K, 99% used [0x00000000d9200000,0x00000000d96fb848,0x00000000d9700000)
  to   space 5120K, 0% used [0x00000000d8d00000,0x00000000d8d00000,0x00000000d9200000)
 ParOldGen       total 84992K, used 2091K [0x0000000084a00000, 0x0000000089d00000, 0x00000000d6e00000)
  object space 84992K, 2% used [0x0000000084a00000,0x0000000084c0af10,0x0000000089d00000)
 Metaspace       used 14350K, capacity 14592K, committed 14720K, reserved 1062912K
  class space    used 1779K, capacity 1870K, committed 1920K, reserved 1048576K
Event: 1.941 GC heap after
Heap after GC invocations=3 (full 0):
 PSYoungGen      total 36864K, used 4869K [0x00000000d6e00000, 0x00000000db600000, 0x0000000100000000)
  eden space 31744K, 0% used [0x00000000d6e00000,0x00000000d6e00000,0x00000000d8d00000)
  from space 5120K, 95% used [0x00000000d8d00000,0x00000000d91c15b8,0x00000000d9200000)
  to   space 5120K, 0% used [0x00000000db100000,0x00000000db100000,0x00000000db600000)
 ParOldGen       total 84992K, used 2099K [0x0000000084a00000, 0x0000000089d00000, 0x00000000d6e00000)
  object space 84992K, 2% used [0x0000000084a00000,0x0000000084c0cf10,0x0000000089d00000)
 Metaspace       used 14350K, capacity 14592K, committed 14720K, reserved 1062912K
  class space    used 1779K, capacity 1870K, committed 1920K, reserved 1048576K
}
Event: 2.462 GC heap before
{Heap before GC invocations=4 (full 0):
 PSYoungGen      total 36864K, used 36613K [0x00000000d6e00000, 0x00000000db600000, 0x0000000100000000)
  eden space 31744K, 100% used [0x00000000d6e00000,0x00000000d8d00000,0x00000000d8d00000)
  from space 5120K, 95% used [0x00000000d8d00000,0x00000000d91c15b8,0x00000000d9200000)
  to   space 5120K, 0% used [0x00000000db100000,0x00000000db100000,0x00000000db600000)
 ParOldGen       total 84992K, used 2099K [0x0000000084a00000, 0x0000000089d00000, 0x00000000d6e00000)
  object space 84992K, 2% used [0x0000000084a00000,0x0000000084c0cf10,0x0000000089d00000)
 Metaspace       used 15945K, capacity 16144K, committed 16384K, reserved 1062912K
  class space    used 1939K, capacity 2037K, committed 2048K, reserved 1048576K
Event: 2.486 GC heap after
Heap after GC invocations=4 (full 0):
 PSYoungGen      total 68608K, used 5104K [0x00000000d6e00000, 0x00000000db600000, 0x0000000100000000)
  eden space 63488K, 0% used [0x00000000d6e00000,0x00000000d6e00000,0x00000000dac00000)
  from space 5120K, 99% used [0x00000000db100000,0x00000000db5fc010,0x00000000db600000)
  to   space 5120K, 0% used [0x00000000dac00000,0x00000000dac00000,0x00000000db100000)
 ParOldGen       total 84992K, used 6418K [0x0000000084a00000, 0x0000000089d00000, 0x00000000d6e00000)
  object space 84992K, 7% used [0x0000000084a00000,0x0000000085044a30,0x0000000089d00000)
 Metaspace       used 15945K, capacity 16144K, committed 16384K, reserved 1062912K
  class space    used 1939K, capacity 2037K, committed 2048K, reserved 1048576K
}
Event: 3.300 GC heap before
{Heap before GC invocations=5 (full 0):
 PSYoungGen      total 68608K, used 68592K [0x00000000d6e00000, 0x00000000db600000, 0x0000000100000000)
  eden space 63488K, 100% used [0x00000000d6e00000,0x00000000dac00000,0x00000000dac00000)
  from space 5120K, 99% used [0x00000000db100000,0x00000000db5fc010,0x00000000db600000)
  to   space 5120K, 0% used [0x00000000dac00000,0x00000000dac00000,0x00000000db100000)
 ParOldGen       total 84992K, used 6418K [0x0000000084a00000, 0x0000000089d00000, 0x00000000d6e00000)
  object space 84992K, 7% used [0x0000000084a00000,0x0000000085044a30,0x0000000089d00000)
 Metaspace       used 16637K, capacity 16900K, committed 17280K, reserved 1064960K
  class space    used 1980K, capacity 2074K, committed 2176K, reserved 1048576K

Deoptimization events (10 events):
Event: 2.531 Thread 0x00007fa42400a800 Uncommon trap: reason=bimorphic action=maybe_recompile pc=0x00007fa4156dbc1c method=java.util.regex.Pattern$Curly.match0(Ljava/util/regex/Matcher;IILjava/lang/CharSequence;)Z @ 170
Event: 2.558 Thread 0x00007fa42400a800 Uncommon trap: reason=bimorphic action=maybe_recompile pc=0x00007fa4156dbc1c method=java.util.regex.Pattern$Curly.match0(Ljava/util/regex/Matcher;IILjava/lang/CharSequence;)Z @ 170
Event: 2.592 Thread 0x00007fa42400a800 Uncommon trap: reason=bimorphic action=maybe_recompile pc=0x00007fa4156dbc1c method=java.util.regex.Pattern$Curly.match0(Ljava/util/regex/Matcher;IILjava/lang/CharSequence;)Z @ 170
Event: 2.623 Thread 0x00007fa42400a800 Uncommon trap: reason=bimorphic action=maybe_recompile pc=0x00007fa4156dbc1c method=java.util.regex.Pattern$Curly.match0(Ljava/util/regex/Matcher;IILjava/lang/CharSequence;)Z @ 170
Event: 2.640 Thread 0x00007fa42400a800 Uncommon trap: reason=bimorphic action=maybe_recompile pc=0x00007fa4156bcb14 method=java.util.regex.Pattern$Curly.match0(Ljava/util/regex/Matcher;IILjava/lang/CharSequence;)Z @ 170
Event: 2.692 Thread 0x00007fa42400a800 Uncommon trap: reason=unstable_if action=reinterpret pc=0x00007fa4156b7f68 method=org.codehaus.plexus.util.xml.pull.MXParser.nextImpl()I @ 972
Event: 2.737 Thread 0x00007fa42400a800 Uncommon trap: reason=unstable_if action=reinterpret pc=0x00007fa415363a4c method=java.util.HashMap.hash(Ljava/lang/Object;)I @ 1
Event: 2.737 Thread 0x00007fa42400a800 Uncommon trap: reason=unstable_if action=reinterpret pc=0x00007fa4152efd28 method=java.util.HashMap.hash(Ljava/lang/Object;)I @ 1
Event: 3.084 Thread 0x00007fa42400a800 Uncommon trap: reason=unstable_if action=reinterpret pc=0x00007fa4157b58f8 method=org.codehaus.plexus.util.xml.pull.MXParser.nextImpl()I @ 280
Event: 3.138 Thread 0x00007fa42400a800 Uncommon trap: reason=null_check action=make_not_entrant pc=0x00007fa41581423c method=org.apache.maven.model.io.xpp3.MavenXpp3Reader.checkFieldWithDuplicate(Lorg/codehaus/plexus/util/xml/pull/XmlPullParser;Ljava/lang/String;Ljava/lang/String;Ljava/util/Se

Classes redefined (0 events):
No events

Internal exceptions (10 events):
Event: 1.490 Thread 0x00007fa42400a800 Exception <a 'java/lang/NoClassDefFoundError': javax/annotation/Priority> (0x00000000d7c01240) thrown at [/HUDSON/workspace/8-2-build-linux-amd64/jdk8u191/11894/hotspot/src/share/vm/classfile/systemDictionary.cpp, line 199]
Event: 1.981 Thread 0x00007fa42400a800 Exception <a 'java/lang/NullPointerException'> (0x00000000d708fb00) thrown at [/HUDSON/workspace/8-2-build-linux-amd64/jdk8u191/11894/hotspot/src/share/vm/interpreter/linkResolver.cpp, line 1185]
Event: 1.981 Thread 0x00007fa42400a800 Exception <a 'java/lang/NullPointerException'> (0x00000000d708fd18) thrown at [/HUDSON/workspace/8-2-build-linux-amd64/jdk8u191/11894/hotspot/src/share/vm/interpreter/linkResolver.cpp, line 1185]
Event: 1.981 Thread 0x00007fa42400a800 Exception <a 'java/lang/NullPointerException'> (0x00000000d708ff30) thrown at [/HUDSON/workspace/8-2-build-linux-amd64/jdk8u191/11894/hotspot/src/share/vm/interpreter/linkResolver.cpp, line 1185]
Event: 1.982 Thread 0x00007fa42400a800 Exception <a 'java/lang/NullPointerException'> (0x00000000d7097d28) thrown at [/HUDSON/workspace/8-2-build-linux-amd64/jdk8u191/11894/hotspot/src/share/vm/interpreter/linkResolver.cpp, line 1185]
Event: 1.982 Thread 0x00007fa42400a800 Exception <a 'java/lang/NullPointerException'> (0x00000000d7097f40) thrown at [/HUDSON/workspace/8-2-build-linux-amd64/jdk8u191/11894/hotspot/src/share/vm/interpreter/linkResolver.cpp, line 1185]
Event: 1.982 Thread 0x00007fa42400a800 Exception <a 'java/lang/NullPointerException'> (0x00000000d7098158) thrown at [/HUDSON/workspace/8-2-build-linux-amd64/jdk8u191/11894/hotspot/src/share/vm/interpreter/linkResolver.cpp, line 1185]
Event: 2.737 Thread 0x00007fa42400a800 Implicit null exception at 0x00007fa415363835 to 0x00007fa415363a3d
Event: 2.737 Thread 0x00007fa42400a800 Implicit null exception at 0x00007fa4152efcaf to 0x00007fa4152efd19
Event: 3.138 Thread 0x00007fa42400a800 Implicit null exception at 0x00007fa415813709 to 0x00007fa415814221

Events (10 events):
Event: 3.085 Thread 0x00007fa42400a800 DEOPT PACKING pc=0x00007fa4157b58f8 sp=0x00007fa42c5fef30
Event: 3.085 Thread 0x00007fa42400a800 DEOPT UNPACKING pc=0x00007fa41504573a sp=0x00007fa42c5feeb8 mode 2
Event: 3.138 Thread 0x00007fa42400a800 Uncommon trap: trap_request=0xfffffff4 fr.pc=0x00007fa41581423c
Event: 3.138 Thread 0x00007fa42400a800 DEOPT PACKING pc=0x00007fa41581423c sp=0x00007fa42c5ff340
Event: 3.138 Thread 0x00007fa42400a800 DEOPT UNPACKING pc=0x00007fa41504573a sp=0x00007fa42c5ff330 mode 2
Event: 3.153 Thread 0x00007fa42400a800 DEOPT PACKING pc=0x00007fa4156f8a01 sp=0x00007fa42c5ff6b0
Event: 3.153 Thread 0x00007fa42400a800 DEOPT UNPACKING pc=0x00007fa415047784 sp=0x00007fa42c5ff420 mode 0
Event: 3.290 loading class org/eclipse/aether/util/graph/selector/ExclusionDependencySelector$ExclusionComparator
Event: 3.290 loading class org/eclipse/aether/util/graph/selector/ExclusionDependencySelector$ExclusionComparator done
Event: 3.300 Executing VM operation: ParallelGCFailedAllocation


Dynamic libraries:
00400000-00401000 r-xp 00000000 08:01 8401182                            /usr/lib/jvm/java-8-oracle/bin/java
00600000-00601000 r--p 00000000 08:01 8401182                            /usr/lib/jvm/java-8-oracle/bin/java
00601000-00602000 rw-p 00001000 08:01 8401182                            /usr/lib/jvm/java-8-oracle/bin/java
00b74000-00b95000 rw-p 00000000 00:00 0                                  [heap]
84a00000-9e580000 rw-p 00000000 00:00 0 
9e580000-d6e00000 ---p 00000000 00:00 0 
d6e00000-db600000 rw-p 00000000 00:00 0 
db600000-100000000 ---p 00000000 00:00 0 
100000000-100220000 rw-p 00000000 00:00 0 
100220000-140000000 ---p 00000000 00:00 0 
7fa3d4fff000-7fa3d8000000 rw-p 00000000 00:00 0 
7fa3d8000000-7fa3d8021000 rw-p 00000000 00:00 0 
7fa3d8021000-7fa3dc000000 ---p 00000000 00:00 0 
7fa3dc000000-7fa3dc021000 rw-p 00000000 00:00 0 
7fa3dc021000-7fa3e0000000 ---p 00000000 00:00 0 
7fa3e0000000-7fa3e0c28000 rw-p 00000000 00:00 0 
7fa3e0c28000-7fa3e4000000 ---p 00000000 00:00 0 
7fa3e4000000-7fa3e4e4c000 rw-p 00000000 00:00 0 
7fa3e4e4c000-7fa3e8000000 ---p 00000000 00:00 0 
7fa3e8000000-7fa3e8021000 rw-p 00000000 00:00 0 
7fa3e8021000-7fa3ec000000 ---p 00000000 00:00 0 
7fa3ec000000-7fa3ed479000 rw-p 00000000 00:00 0 
7fa3ed479000-7fa3f0000000 ---p 00000000 00:00 0 
7fa3f0000000-7fa3f0021000 rw-p 00000000 00:00 0 
7fa3f0021000-7fa3f4000000 ---p 00000000 00:00 0 
7fa3f4000000-7fa3f4021000 rw-p 00000000 00:00 0 
7fa3f4021000-7fa3f8000000 ---p 00000000 00:00 0 
7fa3f8000000-7fa3f8021000 rw-p 00000000 00:00 0 
7fa3f8021000-7fa3fc000000 ---p 00000000 00:00 0 
7fa3fe0b0000-7fa3fe170000 rw-p 00000000 00:00 0 
7fa3fe170000-7fa3fe2b0000 ---p 00000000 00:00 0 
7fa3fe4f1000-7fa3fe502000 r-xp 00000000 08:01 8401112                    /usr/lib/jvm/java-8-oracle/jre/lib/amd64/libnio.so
7fa3fe502000-7fa3fe701000 ---p 00011000 08:01 8401112                    /usr/lib/jvm/java-8-oracle/jre/lib/amd64/libnio.so
7fa3fe701000-7fa3fe702000 r--p 00010000 08:01 8401112                    /usr/lib/jvm/java-8-oracle/jre/lib/amd64/libnio.so
7fa3fe702000-7fa3fe703000 rw-p 00011000 08:01 8401112                    /usr/lib/jvm/java-8-oracle/jre/lib/amd64/libnio.so
7fa3fe703000-7fa3fe719000 r-xp 00000000 08:01 8401109                    /usr/lib/jvm/java-8-oracle/jre/lib/amd64/libnet.so
7fa3fe719000-7fa3fe918000 ---p 00016000 08:01 8401109                    /usr/lib/jvm/java-8-oracle/jre/lib/amd64/libnet.so
7fa3fe918000-7fa3fe919000 r--p 00015000 08:01 8401109                    /usr/lib/jvm/java-8-oracle/jre/lib/amd64/libnet.so
7fa3fe919000-7fa3fe91a000 rw-p 00016000 08:01 8401109                    /usr/lib/jvm/java-8-oracle/jre/lib/amd64/libnet.so
7fa3fe91a000-7fa3feb1a000 rw-p 00000000 00:00 0 
7fa3feb1a000-7fa3fed1a000 rw-p 00000000 00:00 0 
7fa3fed1a000-7fa3fef1a000 rw-p 00000000 00:00 0 
7fa3fef1a000-7fa3fef1b000 ---p 00000000 00:00 0 
7fa3fef1b000-7fa3ff01b000 rw-p 00000000 00:00 0 
7fa3ff01b000-7fa3ff01e000 ---p 00000000 00:00 0 
7fa3ff01e000-7fa3ff11c000 rw-p 00000000 00:00 0 
7fa3ff11c000-7fa3ff11f000 ---p 00000000 00:00 0 
7fa3ff11f000-7fa3ff21d000 rw-p 00000000 00:00 0 
7fa3ff21d000-7fa3ff220000 ---p 00000000 00:00 0 
7fa3ff220000-7fa3ff31e000 rw-p 00000000 00:00 0 
7fa3ff31e000-7fa3ff321000 ---p 00000000 00:00 0 
7fa3ff321000-7fa3ff41f000 rw-p 00000000 00:00 0 
7fa3ff41f000-7fa3ff422000 ---p 00000000 00:00 0 
7fa3ff422000-7fa3ff520000 rw-p 00000000 00:00 0 
7fa3ff520000-7fa3ff7f8000 r--p 00000000 08:01 8390265                    /usr/lib/locale/locale-archive
7fa3ff7f8000-7fa3ff7fb000 ---p 00000000 00:00 0 
7fa3ff7fb000-7fa3ff8f9000 rw-p 00000000 00:00 0 
7fa3ff8f9000-7fa3ff8fc000 ---p 00000000 00:00 0 
7fa3ff8fc000-7fa3ff9fa000 rw-p 00000000 00:00 0 
7fa3ff9fa000-7fa3ff9fb000 ---p 00000000 00:00 0 
7fa3ff9fb000-7fa400000000 rw-p 00000000 00:00 0 
7fa400000000-7fa400021000 rw-p 00000000 00:00 0 
7fa400021000-7fa404000000 ---p 00000000 00:00 0 
7fa404000000-7fa404021000 rw-p 00000000 00:00 0 
7fa404021000-7fa408000000 ---p 00000000 00:00 0 
7fa408000000-7fa408021000 rw-p 00000000 00:00 0 
7fa408021000-7fa40c000000 ---p 00000000 00:00 0 
7fa40c04e000-7fa410000000 rw-p 00000000 00:00 0 
7fa410000000-7fa4102af000 rw-p 00000000 00:00 0 
7fa4102af000-7fa414000000 ---p 00000000 00:00 0 
7fa414062000-7fa414067000 r--s 000a0000 08:01 8398890                    /usr/lib/jvm/java-8-oracle/jre/lib/jsse.jar
7fa414067000-7fa414098000 r--s 00207000 08:01 8924639                    /usr/share/java/wagon-http-shaded-2.x.jar
7fa414098000-7fa41409d000 r--s 00025000 08:01 8924657                    /usr/share/java/maven3-model-builder-3.3.9.jar
7fa41409d000-7fa41409e000 r--s 00004000 08:01 8924326                    /usr/share/java/atinject-jsr330-tck-1.0.jar
7fa41409e000-7fa41409f000 r--s 00000000 08:01 8924332                    /usr/share/java/geronimo-interceptor-3.0-spec-1.0.1.jar
7fa41409f000-7fa4140a1000 r--s 00012000 08:01 8913243                    /usr/share/java/el-api-3.0.jar
7fa4140a1000-7fa4140a2000 r--s 00000000 08:01 8924327                    /usr/share/java/atinject-jsr330-api-1.0.jar
7fa4140a2000-7fa4140a5000 r--s 00008000 08:01 8924338                    /usr/share/java/cdi-api-1.0.jar
7fa4140a5000-7fa4140ac000 r--s 0005d000 08:01 8924362                    /usr/share/java/commons-lang3.jar
7fa4140ac000-7fa4140ad000 r--s 00006000 08:01 8924575                    /usr/share/java/plexus-sec-dispatcher.jar
7fa4140ad000-7fa4140af000 r--s 00001000 08:01 8924522                    /usr/share/java/aopalliance-1.0.jar
7fa4140af000-7fa4140b7000 r--s 00054000 08:01 8924631                    /usr/share/java/sisu-inject.jar
7fa4140b7000-7fa4140c4000 r--s 0008d000 08:01 8924655                    /usr/share/java/maven3-core-3.3.9.jar
7fa4140c4000-7fa4140c8000 r--s 00027000 08:01 8924503                    /usr/share/java/eclipse-aether-impl.jar
7fa4140c8000-7fa4140d6000 r--s 00095000 08:01 8924527                    /usr/share/java/guice.jar
7fa4140d6000-7fa4140d8000 r--s 00013000 08:01 8924658                    /usr/share/java/maven3-embedder-3.3.9.jar
7fa4140d8000-7fa4140d9000 r--s 00001000 08:01 8924642                    /usr/share/java/wagon-http-shared-2.x.jar
7fa4140d9000-7fa4140e0000 r--s 00041000 08:01 8924654                    /usr/share/java/maven3-compat-3.3.9.jar
7fa4140e0000-7fa4140e1000 r--s 00008000 08:01 8924506                    /usr/share/java/eclipse-aether-connector-basic.jar
7fa4140e1000-7fa4140e5000 r--s 00020000 08:01 8924511                    /usr/share/java/eclipse-aether-util.jar
7fa4140e5000-7fa4140e7000 r--s 00006000 08:01 8924508                    /usr/share/java/eclipse-aether-spi.jar
7fa4140e7000-7fa4140eb000 r--s 00038000 08:01 8924619                    /usr/share/java/plexus-utils2.jar
7fa4140eb000-7fa4140f1000 r--s 00048000 08:01 8924446                    /usr/share/java/jsoup.jar
7fa4140f1000-7fa4140f2000 r--s 00006000 08:01 8924656                    /usr/share/java/maven3-repository-metadata-3.3.9.jar
7fa4140f2000-7fa4140f9000 r--s 0002c000 08:01 8924633                    /usr/share/java/sisu-plexus.jar
7fa4140f9000-7fa415000000 rw-p 00000000 00:00 0 
7fa415000000-7fa415890000 rwxp 00000000 00:00 0 
7fa415890000-7fa424000000 ---p 00000000 00:00 0 
7fa424000000-7fa424930000 rw-p 00000000 00:00 0 
7fa424930000-7fa428000000 ---p 00000000 00:00 0 
7fa428000000-7fa428002000 r--s 0000a000 08:01 8924653                    /usr/share/java/maven3-plugin-api-3.3.9.jar
7fa428002000-7fa428004000 r--s 00001000 08:01 8924662                    /usr/share/java/maven3-builder-support-3.3.9.jar
7fa428004000-7fa428006000 r--s 0000a000 08:01 8924346                    /usr/share/java/commons-cli-1.3.1.jar
7fa428006000-7fa428007000 r--s 0000a000 08:01 8924652                    /usr/share/java/maven3-settings-3.3.9.jar
7fa428007000-7fa428009000 r--s 00005000 08:01 8924509                    /usr/share/java/eclipse-aether-transport-wagon.jar
7fa428009000-7fa42800b000 r--s 0000d000 08:01 8924660                    /usr/share/java/maven3-aether-provider-3.3.9.jar
7fa42800b000-7fa428037000 r--s 00208000 08:01 8924450                    /usr/share/java/guava.jar
7fa428037000-7fa42820b000 rw-p 00000000 00:00 0 
7fa42820b000-7fa4283e5000 r--s 03d6c000 08:01 8398833                    /usr/lib/jvm/java-8-oracle/jre/lib/rt.jar
7fa4283e5000-7fa428836000 rw-p 00000000 00:00 0 
7fa428836000-7fa428837000 ---p 00000000 00:00 0 
7fa428837000-7fa428937000 rw-p 00000000 00:00 0 
7fa428937000-7fa428938000 ---p 00000000 00:00 0 
7fa428938000-7fa428a38000 rw-p 00000000 00:00 0 
7fa428a38000-7fa428a39000 ---p 00000000 00:00 0 
7fa428a39000-7fa428b39000 rw-p 00000000 00:00 0 
7fa428b39000-7fa428b3a000 ---p 00000000 00:00 0 
7fa428b3a000-7fa428d08000 rw-p 00000000 00:00 0 
7fa428d08000-7fa428ecc000 ---p 00000000 00:00 0 
7fa428ecc000-7fa428f9a000 rw-p 00000000 00:00 0 
7fa428f9a000-7fa42915e000 ---p 00000000 00:00 0 
7fa42915e000-7fa429182000 rw-p 00000000 00:00 0 
7fa429182000-7fa4292a7000 ---p 00000000 00:00 0 
7fa4292a7000-7fa4292cb000 rw-p 00000000 00:00 0 
7fa4292cb000-7fa429668000 ---p 00000000 00:00 0 
7fa429668000-7fa429682000 r-xp 00000000 08:01 8401105                    /usr/lib/jvm/java-8-oracle/jre/lib/amd64/libzip.so
7fa429682000-7fa429882000 ---p 0001a000 08:01 8401105                    /usr/lib/jvm/java-8-oracle/jre/lib/amd64/libzip.so
7fa429882000-7fa429883000 r--p 0001a000 08:01 8401105                    /usr/lib/jvm/java-8-oracle/jre/lib/amd64/libzip.so
7fa429883000-7fa429884000 rw-p 0001b000 08:01 8401105                    /usr/lib/jvm/java-8-oracle/jre/lib/amd64/libzip.so
7fa429884000-7fa42988f000 r-xp 00000000 08:01 7077984                    /lib/x86_64-linux-gnu/libnss_files-2.23.so
7fa42988f000-7fa429a8e000 ---p 0000b000 08:01 7077984                    /lib/x86_64-linux-gnu/libnss_files-2.23.so
7fa429a8e000-7fa429a8f000 r--p 0000a000 08:01 7077984                    /lib/x86_64-linux-gnu/libnss_files-2.23.so
7fa429a8f000-7fa429a90000 rw-p 0000b000 08:01 7077984                    /lib/x86_64-linux-gnu/libnss_files-2.23.so
7fa429a90000-7fa429a96000 rw-p 00000000 00:00 0 
7fa429a96000-7fa429aa1000 r-xp 00000000 08:01 7082435                    /lib/x86_64-linux-gnu/libnss_nis-2.23.so
7fa429aa1000-7fa429ca0000 ---p 0000b000 08:01 7082435                    /lib/x86_64-linux-gnu/libnss_nis-2.23.so
7fa429ca0000-7fa429ca1000 r--p 0000a000 08:01 7082435                    /lib/x86_64-linux-gnu/libnss_nis-2.23.so
7fa429ca1000-7fa429ca2000 rw-p 0000b000 08:01 7082435                    /lib/x86_64-linux-gnu/libnss_nis-2.23.so
7fa429ca2000-7fa429cb8000 r-xp 00000000 08:01 7077902                    /lib/x86_64-linux-gnu/libnsl-2.23.so
7fa429cb8000-7fa429eb7000 ---p 00016000 08:01 7077902                    /lib/x86_64-linux-gnu/libnsl-2.23.so
7fa429eb7000-7fa429eb8000 r--p 00015000 08:01 7077902                    /lib/x86_64-linux-gnu/libnsl-2.23.so
7fa429eb8000-7fa429eb9000 rw-p 00016000 08:01 7077902                    /lib/x86_64-linux-gnu/libnsl-2.23.so
7fa429eb9000-7fa429ebb000 rw-p 00000000 00:00 0 
7fa429ebb000-7fa429ec3000 r-xp 00000000 08:01 7077979                    /lib/x86_64-linux-gnu/libnss_compat-2.23.so
7fa429ec3000-7fa42a0c2000 ---p 00008000 08:01 7077979                    /lib/x86_64-linux-gnu/libnss_compat-2.23.so
7fa42a0c2000-7fa42a0c3000 r--p 00007000 08:01 7077979                    /lib/x86_64-linux-gnu/libnss_compat-2.23.so
7fa42a0c3000-7fa42a0c4000 rw-p 00008000 08:01 7077979                    /lib/x86_64-linux-gnu/libnss_compat-2.23.so
7fa42a0c4000-7fa42a0f1000 r-xp 00000000 08:01 8401099                    /usr/lib/jvm/java-8-oracle/jre/lib/amd64/libjava.so
7fa42a0f1000-7fa42a2f0000 ---p 0002d000 08:01 8401099                    /usr/lib/jvm/java-8-oracle/jre/lib/amd64/libjava.so
7fa42a2f0000-7fa42a2f1000 r--p 0002c000 08:01 8401099                    /usr/lib/jvm/java-8-oracle/jre/lib/amd64/libjava.so
7fa42a2f1000-7fa42a2f3000 rw-p 0002d000 08:01 8401099                    /usr/lib/jvm/java-8-oracle/jre/lib/amd64/libjava.so
7fa42a2f3000-7fa42a300000 r-xp 00000000 08:01 8401104                    /usr/lib/jvm/java-8-oracle/jre/lib/amd64/libverify.so
7fa42a300000-7fa42a4ff000 ---p 0000d000 08:01 8401104                    /usr/lib/jvm/java-8-oracle/jre/lib/amd64/libverify.so
7fa42a4ff000-7fa42a501000 r--p 0000c000 08:01 8401104                    /usr/lib/jvm/java-8-oracle/jre/lib/amd64/libverify.so
7fa42a501000-7fa42a502000 rw-p 0000e000 08:01 8401104                    /usr/lib/jvm/java-8-oracle/jre/lib/amd64/libverify.so
7fa42a502000-7fa42a509000 r-xp 00000000 08:01 7082436                    /lib/x86_64-linux-gnu/librt-2.23.so
7fa42a509000-7fa42a708000 ---p 00007000 08:01 7082436                    /lib/x86_64-linux-gnu/librt-2.23.so
7fa42a708000-7fa42a709000 r--p 00006000 08:01 7082436                    /lib/x86_64-linux-gnu/librt-2.23.so
7fa42a709000-7fa42a70a000 rw-p 00007000 08:01 7082436                    /lib/x86_64-linux-gnu/librt-2.23.so
7fa42a70a000-7fa42a812000 r-xp 00000000 08:01 7077893                    /lib/x86_64-linux-gnu/libm-2.23.so
7fa42a812000-7fa42aa11000 ---p 00108000 08:01 7077893                    /lib/x86_64-linux-gnu/libm-2.23.so
7fa42aa11000-7fa42aa12000 r--p 00107000 08:01 7077893                    /lib/x86_64-linux-gnu/libm-2.23.so
7fa42aa12000-7fa42aa13000 rw-p 00108000 08:01 7077893                    /lib/x86_64-linux-gnu/libm-2.23.so
7fa42aa13000-7fa42b6f5000 r-xp 00000000 08:01 8401081                    /usr/lib/jvm/java-8-oracle/jre/lib/amd64/server/libjvm.so
7fa42b6f5000-7fa42b8f5000 ---p 00ce2000 08:01 8401081                    /usr/lib/jvm/java-8-oracle/jre/lib/amd64/server/libjvm.so
7fa42b8f5000-7fa42b98b000 r--p 00ce2000 08:01 8401081                    /usr/lib/jvm/java-8-oracle/jre/lib/amd64/server/libjvm.so
7fa42b98b000-7fa42b9bc000 rw-p 00d78000 08:01 8401081                    /usr/lib/jvm/java-8-oracle/jre/lib/amd64/server/libjvm.so
7fa42b9bc000-7fa42b9f7000 rw-p 00000000 00:00 0 
7fa42b9f7000-7fa42bbb7000 r-xp 00000000 08:01 7077971                    /lib/x86_64-linux-gnu/libc-2.23.so
7fa42bbb7000-7fa42bdb7000 ---p 001c0000 08:01 7077971                    /lib/x86_64-linux-gnu/libc-2.23.so
7fa42bdb7000-7fa42bdbb000 r--p 001c0000 08:01 7077971                    /lib/x86_64-linux-gnu/libc-2.23.so
7fa42bdbb000-7fa42bdbd000 rw-p 001c4000 08:01 7077971                    /lib/x86_64-linux-gnu/libc-2.23.so
7fa42bdbd000-7fa42bdc1000 rw-p 00000000 00:00 0 
7fa42bdc1000-7fa42bdc4000 r-xp 00000000 08:01 7077973                    /lib/x86_64-linux-gnu/libdl-2.23.so
7fa42bdc4000-7fa42bfc3000 ---p 00003000 08:01 7077973                    /lib/x86_64-linux-gnu/libdl-2.23.so
7fa42bfc3000-7fa42bfc4000 r--p 00002000 08:01 7077973                    /lib/x86_64-linux-gnu/libdl-2.23.so
7fa42bfc4000-7fa42bfc5000 rw-p 00003000 08:01 7077973                    /lib/x86_64-linux-gnu/libdl-2.23.so
7fa42bfc5000-7fa42bfdc000 r-xp 00000000 08:01 8401972                    /usr/lib/jvm/java-8-oracle/lib/amd64/jli/libjli.so
7fa42bfdc000-7fa42c1db000 ---p 00017000 08:01 8401972                    /usr/lib/jvm/java-8-oracle/lib/amd64/jli/libjli.so
7fa42c1db000-7fa42c1dc000 r--p 00016000 08:01 8401972                    /usr/lib/jvm/java-8-oracle/lib/amd64/jli/libjli.so
7fa42c1dc000-7fa42c1dd000 rw-p 00017000 08:01 8401972                    /usr/lib/jvm/java-8-oracle/lib/amd64/jli/libjli.so
7fa42c1dd000-7fa42c1f5000 r-xp 00000000 08:01 7077913                    /lib/x86_64-linux-gnu/libpthread-2.23.so
7fa42c1f5000-7fa42c3f4000 ---p 00018000 08:01 7077913                    /lib/x86_64-linux-gnu/libpthread-2.23.so
7fa42c3f4000-7fa42c3f5000 r--p 00017000 08:01 7077913                    /lib/x86_64-linux-gnu/libpthread-2.23.so
7fa42c3f5000-7fa42c3f6000 rw-p 00018000 08:01 7077913                    /lib/x86_64-linux-gnu/libpthread-2.23.so
7fa42c3f6000-7fa42c3fa000 rw-p 00000000 00:00 0 
7fa42c3fa000-7fa42c420000 r-xp 00000000 08:01 7077905                    /lib/x86_64-linux-gnu/ld-2.23.so
7fa42c420000-7fa42c425000 r--s 0001d000 08:01 8924510                    /usr/share/java/eclipse-aether-api.jar
7fa42c425000-7fa42c427000 r--s 00027000 08:01 8924659                    /usr/share/java/maven3-model-3.3.9.jar
7fa42c427000-7fa42c42c000 r--s 00040000 08:01 8924360                    /usr/share/java/commons-lang-2.6.jar
7fa42c42c000-7fa42c42f000 r--s 00007000 08:01 8924661                    /usr/share/java/maven3-settings-builder-3.3.9.jar
7fa42c42f000-7fa42c432000 r--s 0000a000 08:01 8924663                    /usr/share/java/maven3-artifact-3.3.9.jar
7fa42c432000-7fa42c433000 r--s 00002000 08:01 8924427                    /usr/share/java/slf4j-simple.jar
7fa42c433000-7fa42c435000 r--s 0000e000 08:01 8924409                    /usr/share/java/plexus-interpolation.jar
7fa42c435000-7fa42c437000 r--s 00002000 08:01 8924573                    /usr/share/java/plexus-cipher.jar
7fa42c437000-7fa42c502000 rw-p 00000000 00:00 0 
7fa42c502000-7fa42c505000 ---p 00000000 00:00 0 
7fa42c505000-7fa42c608000 rw-p 00000000 00:00 0 
7fa42c608000-7fa42c609000 r--s 00001000 08:01 8924635                    /usr/share/java/wagon-file-2.x.jar
7fa42c609000-7fa42c60b000 r--s 00007000 08:01 8924430                    /usr/share/java/slf4j-api.jar
7fa42c60b000-7fa42c60d000 r--s 0000a000 08:01 8924636                    /usr/share/java/wagon-provider-api-2.x.jar
7fa42c60d000-7fa42c611000 r--s 00027000 08:01 8924358                    /usr/share/java/commons-io-2.4.jar
7fa42c611000-7fa42c613000 r--s 00000000 08:01 8924623                    /usr/share/java/plexus-component-annotations-1.5.jar
7fa42c613000-7fa42c615000 r--s 0000a000 08:01 8924617                    /usr/share/java/plexus-classworlds2-2.5.2.jar
7fa42c615000-7fa42c61d000 rw-s 00000000 08:01 5777564                    /tmp/hsperfdata_root/19997
7fa42c61d000-7fa42c61e000 rw-p 00000000 00:00 0 
7fa42c61e000-7fa42c61f000 ---p 00000000 00:00 0 
7fa42c61f000-7fa42c620000 r--p 00025000 08:01 7077905                    /lib/x86_64-linux-gnu/ld-2.23.so
7fa42c620000-7fa42c621000 rw-p 00026000 08:01 7077905                    /lib/x86_64-linux-gnu/ld-2.23.so
7fa42c621000-7fa42c622000 rw-p 00000000 00:00 0 
7ffd7f8a6000-7ffd7f8c7000 rw-p 00000000 00:00 0                          [stack]
7ffd7f96a000-7ffd7f96c000 r--p 00000000 00:00 0                          [vvar]
7ffd7f96c000-7ffd7f96e000 r-xp 00000000 00:00 0                          [vdso]
ffffffffff600000-ffffffffff601000 r-xp 00000000 00:00 0                  [vsyscall]

VM Arguments:
jvm_args: -Dclassworlds.conf=/usr/share/maven/bin/m2.conf -Dmaven.home=/usr/share/maven -Dmaven.multiModuleProjectDirectory=/home/cgi/Documents/employee-portal 
java_command: org.codehaus.plexus.classworlds.launcher.Launcher install
java_class_path (initial): /usr/share/maven/boot/plexus-classworlds-2.x.jar
Launcher Type: SUN_STANDARD

Environment Variables:
JAVA_HOME=/usr/lib/jvm/java-8-oracle
PATH=/usr/local/sbin:/usr/local/bin:/usr/sbin:/usr/bin:/sbin:/bin:/usr/games:/usr/local/games
USERNAME=root
SHELL=/bin/bash
DISPLAY=:0

Signal Handlers:
SIGSEGV: [libjvm.so+0xaced60], sa_mask[0]=11111111011111111101111111111110, sa_flags=SA_RESTART|SA_SIGINFO
SIGBUS: [libjvm.so+0xaced60], sa_mask[0]=11111111011111111101111111111110, sa_flags=SA_RESTART|SA_SIGINFO
SIGFPE: [libjvm.so+0x907ca0], sa_mask[0]=11111111011111111101111111111110, sa_flags=SA_RESTART|SA_SIGINFO
SIGPIPE: [libjvm.so+0x907ca0], sa_mask[0]=11111111011111111101111111111110, sa_flags=SA_RESTART|SA_SIGINFO
SIGXFSZ: [libjvm.so+0x907ca0], sa_mask[0]=11111111011111111101111111111110, sa_flags=SA_RESTART|SA_SIGINFO
SIGILL: [libjvm.so+0x907ca0], sa_mask[0]=11111111011111111101111111111110, sa_flags=SA_RESTART|SA_SIGINFO
SIGUSR1: SIG_DFL, sa_mask[0]=00000000000000000000000000000000, sa_flags=none
SIGUSR2: [libjvm.so+0x907b70], sa_mask[0]=00000000000000000000000000000000, sa_flags=SA_RESTART|SA_SIGINFO
SIGHUP: [libjvm.so+0x908190], sa_mask[0]=11111111011111111101111111111110, sa_flags=SA_RESTART|SA_SIGINFO
SIGINT: [libjvm.so+0x908190], sa_mask[0]=11111111011111111101111111111110, sa_flags=SA_RESTART|SA_SIGINFO
SIGTERM: [libjvm.so+0x908190], sa_mask[0]=11111111011111111101111111111110, sa_flags=SA_RESTART|SA_SIGINFO
SIGQUIT: [libjvm.so+0x908190], sa_mask[0]=11111111011111111101111111111110, sa_flags=SA_RESTART|SA_SIGINFO


---------------  S Y S T E M  ---------------

OS:DISTRIB_ID=Ubuntu
DISTRIB_RELEASE=16.04
DISTRIB_CODENAME=xenial
DISTRIB_DESCRIPTION="Ubuntu 16.04.2 LTS"

uname:Linux 4.8.0-36-generic #36~16.04.1-Ubuntu SMP Sun Feb 5 09:39:57 UTC 2017 x86_64
libc:glibc 2.23 NPTL 2.23 
rlimit: STACK 8192k, CORE 0k, NPROC 31382, NOFILE 1048576, AS infinity
load average:1.60 1.02 0.79

/proc/meminfo:
MemTotal:        8078296 kB
MemFree:          146860 kB
MemAvailable:    1285252 kB
Buffers:          146112 kB
Cached:          1405620 kB
SwapCached:         5412 kB
Active:          5945704 kB
Inactive:        1405116 kB
Active(anon):    5261336 kB
Inactive(anon):   965244 kB
Active(file):     684368 kB
Inactive(file):   439872 kB
Unevictable:         184 kB
Mlocked:             184 kB
SwapTotal:       4095996 kB
SwapFree:        3973676 kB
Dirty:             30652 kB
Writeback:             0 kB
AnonPages:       5790456 kB
Mapped:           528500 kB
Shmem:            427492 kB
Slab:             402072 kB
SReclaimable:     317956 kB
SUnreclaim:        84116 kB
KernelStack:       16704 kB
PageTables:        81372 kB
NFS_Unstable:          0 kB
Bounce:                0 kB
WritebackTmp:          0 kB
CommitLimit:     8135144 kB
Committed_AS:   16339432 kB
VmallocTotal:   34359738367 kB
VmallocUsed:           0 kB
VmallocChunk:          0 kB
HardwareCorrupted:     0 kB
AnonHugePages:   2312192 kB
ShmemHugePages:        0 kB
ShmemPmdMapped:        0 kB
CmaTotal:              0 kB
CmaFree:               0 kB
HugePages_Total:       0
HugePages_Free:        0
HugePages_Rsvd:        0
HugePages_Surp:        0
Hugepagesize:       2048 kB
DirectMap4k:      255900 kB
DirectMap2M:     8036352 kB
DirectMap1G:     1048576 kB

container (cgroup) information:
container_type: cgroupv1
cpu_cpuset_cpus: 0-3
cpu_memory_nodes: 0
active_processor_count: 4
cpu_quota: -1
cpu_period: 100000
cpu_shares: -1
memory_limit_in_bytes: -1
memory_and_swap_limit_in_bytes: -2
memory_soft_limit_in_bytes: -1
memory_usage_in_bytes: 6990893056
memory_max_usage_in_bytes: 7410573312


CPU:total 4 (initial active 4) (2 cores per cpu, 2 threads per core) family 6 model 69 stepping 1, cmov, cx8, fxsr, mmx, sse, sse2, sse3, ssse3, sse4.1, sse4.2, popcnt, avx, avx2, aes, clmul, erms, lzcnt, ht, tsc, tscinvbit, bmi1, bmi2

/proc/cpuinfo:
processor	: 0
vendor_id	: GenuineIntel
cpu family	: 6
model		: 69
model name	: Intel(R) Core(TM) i5-4310U CPU @ 2.00GHz
stepping	: 1
microcode	: 0x24
cpu MHz		: 2670.935
cache size	: 3072 KB
physical id	: 0
siblings	: 4
core id		: 0
cpu cores	: 2
apicid		: 0
initial apicid	: 0
fpu		: yes
fpu_exception	: yes
cpuid level	: 13
wp		: yes
flags		: fpu vme de pse tsc msr pae mce cx8 apic sep mtrr pge mca cmov pat pse36 clflush dts acpi mmx fxsr sse sse2 ss ht tm pbe syscall nx pdpe1gb rdtscp lm constant_tsc arch_perfmon pebs bts rep_good nopl xtopology nonstop_tsc aperfmperf eagerfpu pni pclmulqdq dtes64 monitor ds_cpl vmx smx est tm2 ssse3 sdbg fma cx16 xtpr pdcm pcid sse4_1 sse4_2 x2apic movbe popcnt tsc_deadline_timer aes xsave avx f16c rdrand lahf_lm abm epb tpr_shadow vnmi flexpriority ept vpid fsgsbase tsc_adjust bmi1 avx2 smep bmi2 erms invpcid xsaveopt dtherm ida arat pln pts
bugs		:
bogomips	: 5187.75
clflush size	: 64
cache_alignment	: 64
address sizes	: 39 bits physical, 48 bits virtual
power management:

processor	: 1
vendor_id	: GenuineIntel
cpu family	: 6
model		: 69
model name	: Intel(R) Core(TM) i5-4310U CPU @ 2.00GHz
stepping	: 1
microcode	: 0x24
cpu MHz		: 2699.975
cache size	: 3072 KB
physical id	: 0
siblings	: 4
core id		: 1
cpu cores	: 2
apicid		: 2
initial apicid	: 2
fpu		: yes
fpu_exception	: yes
cpuid level	: 13
wp		: yes
flags		: fpu vme de pse tsc msr pae mce cx8 apic sep mtrr pge mca cmov pat pse36 clflush dts acpi mmx fxsr sse sse2 ss ht tm pbe syscall nx pdpe1gb rdtscp lm constant_tsc arch_perfmon pebs bts rep_good nopl xtopology nonstop_tsc aperfmperf eagerfpu pni pclmulqdq dtes64 monitor ds_cpl vmx smx est tm2 ssse3 sdbg fma cx16 xtpr pdcm pcid sse4_1 sse4_2 x2apic movbe popcnt tsc_deadline_timer aes xsave avx f16c rdrand lahf_lm abm epb tpr_shadow vnmi flexpriority ept vpid fsgsbase tsc_adjust bmi1 avx2 smep bmi2 erms invpcid xsaveopt dtherm ida arat pln pts
bugs		:
bogomips	: 5187.75
clflush size	: 64
cache_alignment	: 64
address sizes	: 39 bits physical, 48 bits virtual
power management:

processor	: 2
vendor_id	: GenuineIntel
cpu family	: 6
model		: 69
model name	: Intel(R) Core(TM) i5-4310U CPU @ 2.00GHz
stepping	: 1
microcode	: 0x24
cpu MHz		: 2699.975
cache size	: 3072 KB
physical id	: 0
siblings	: 4
core id		: 0
cpu cores	: 2
apicid		: 1
initial apicid	: 1
fpu		: yes
fpu_exception	: yes
cpuid level	: 13
wp		: yes
flags		: fpu vme de pse tsc msr pae mce cx8 apic sep mtrr pge mca cmov pat pse36 clflush dts acpi mmx fxsr sse sse2 ss ht tm pbe syscall nx pdpe1gb rdtscp lm constant_tsc arch_perfmon pebs bts rep_good nopl xtopology nonstop_tsc aperfmperf eagerfpu pni pclmulqdq dtes64 monitor ds_cpl vmx smx est tm2 ssse3 sdbg fma cx16 xtpr pdcm pcid sse4_1 sse4_2 x2apic movbe popcnt tsc_deadline_timer aes xsave avx f16c rdrand lahf_lm abm epb tpr_shadow vnmi flexpriority ept vpid fsgsbase tsc_adjust bmi1 avx2 smep bmi2 erms invpcid xsaveopt dtherm ida arat pln pts
bugs		:
bogomips	: 5187.75
clflush size	: 64
cache_alignment	: 64
address sizes	: 39 bits physical, 48 bits virtual
power management:

processor	: 3
vendor_id	: GenuineIntel
cpu family	: 6
model		: 69
model name	: Intel(R) Core(TM) i5-4310U CPU @ 2.00GHz
stepping	: 1
microcode	: 0x24
cpu MHz		: 2699.975
cache size	: 3072 KB
physical id	: 0
siblings	: 4
core id		: 1
cpu cores	: 2
apicid		: 3
initial apicid	: 3
fpu		: yes
fpu_exception	: yes
cpuid level	: 13
wp		: yes
flags		: fpu vme de pse tsc msr pae mce cx8 apic sep mtrr pge mca cmov pat pse36 clflush dts acpi mmx fxsr sse sse2 ss ht tm pbe syscall nx pdpe1gb rdtscp lm constant_tsc arch_perfmon pebs bts rep_good nopl xtopology nonstop_tsc aperfmperf eagerfpu pni pclmulqdq dtes64 monitor ds_cpl vmx smx est tm2 ssse3 sdbg fma cx16 xtpr pdcm pcid sse4_1 sse4_2 x2apic movbe popcnt tsc_deadline_timer aes xsave avx f16c rdrand lahf_lm abm epb tpr_shadow vnmi flexpriority ept vpid fsgsbase tsc_adjust bmi1 avx2 smep bmi2 erms invpcid xsaveopt dtherm ida arat pln pts
bugs		:
bogomips	: 5187.75
clflush size	: 64
cache_alignment	: 64
address sizes	: 39 bits physical, 48 bits virtual
power management:



Memory: 4k page, physical 8078296k(146736k free), swap 4095996k(3973676k free)

vm_info: Java HotSpot(TM) 64-Bit Server VM (25.191-b12) for linux-amd64 JRE (1.8.0_191-b12), built on Oct  6 2018 05:43:09 by "java_re" with gcc 7.3.0

time: Sat Nov 30 12:01:48 2019
elapsed time: 3 seconds (0d 0h 0m 3s)

